#! /usr/bin/vvp
:ivl_version "11.0 (stable)";
:ivl_delay_selection "TYPICAL";
:vpi_time_precision + 0;
:vpi_module "/usr/lib/x86_64-linux-gnu/ivl/system.vpi";
:vpi_module "/usr/lib/x86_64-linux-gnu/ivl/vhdl_sys.vpi";
:vpi_module "/usr/lib/x86_64-linux-gnu/ivl/vhdl_textio.vpi";
:vpi_module "/usr/lib/x86_64-linux-gnu/ivl/v2005_math.vpi";
:vpi_module "/usr/lib/x86_64-linux-gnu/ivl/va_math.vpi";
S_0x5584ea31cdc0 .scope module, "count_8" "count_8" 2 1;
 .timescale 0 0;
    .port_info 0 /INPUT 1 "clk";
    .port_info 1 /INPUT 1 "rstn";
    .port_info 2 /INPUT 1 "dir";
    .port_info 3 /INPUT 1 "load";
    .port_info 4 /INPUT 8 "in";
    .port_info 5 /OUTPUT 8 "out";
L_0x5584ea366550 .functor BUFZ 8, v0x5584ea365f80_0, C4<00000000>, C4<00000000>, C4<00000000>;
o0x7f2018043018 .functor BUFZ 1, C4<z>; HiZ drive
v0x5584ea342de0_0 .net "clk", 0 0, o0x7f2018043018;  0 drivers
v0x5584ea365f80_0 .var "counter", 7 0;
o0x7f2018043078 .functor BUFZ 1, C4<z>; HiZ drive
v0x5584ea366060_0 .net "dir", 0 0, o0x7f2018043078;  0 drivers
o0x7f20180430a8 .functor BUFZ 8, C4<zzzzzzzz>; HiZ drive
v0x5584ea366100_0 .net "in", 7 0, o0x7f20180430a8;  0 drivers
o0x7f20180430d8 .functor BUFZ 1, C4<z>; HiZ drive
v0x5584ea3661e0_0 .net "load", 0 0, o0x7f20180430d8;  0 drivers
v0x5584ea3662f0_0 .net "out", 7 0, L_0x5584ea366550;  1 drivers
o0x7f2018043138 .functor BUFZ 1, C4<z>; HiZ drive
v0x5584ea3663d0_0 .net "rstn", 0 0, o0x7f2018043138;  0 drivers
E_0x5584ea355890/0 .event negedge, v0x5584ea3663d0_0;
E_0x5584ea355890/1 .event posedge, v0x5584ea342de0_0;
E_0x5584ea355890 .event/or E_0x5584ea355890/0, E_0x5584ea355890/1;
S_0x5584ea31d010 .scope begin, "count_pro" "count_pro" 2 12, 2 12 0, S_0x5584ea31cdc0;
 .timescale 0 0;
    .scope S_0x5584ea31cdc0;
T_0 ;
    %wait E_0x5584ea355890;
    %fork t_1, S_0x5584ea31d010;
    %jmp t_0;
    .scope S_0x5584ea31d010;
t_1 ;
    %load/vec4 v0x5584ea3663d0_0;
    %nor/r;
    %flag_set/vec4 8;
    %jmp/0xz  T_0.0, 8;
    %pushi/vec4 0, 0, 8;
    %assign/vec4 v0x5584ea365f80_0, 0;
    %jmp T_0.1;
T_0.0 ;
    %load/vec4 v0x5584ea3661e0_0;
    %flag_set/vec4 8;
    %jmp/0xz  T_0.2, 8;
    %load/vec4 v0x5584ea366100_0;
    %assign/vec4 v0x5584ea365f80_0, 0;
    %jmp T_0.3;
T_0.2 ;
    %load/vec4 v0x5584ea366060_0;
    %dup/vec4;
    %pushi/vec4 0, 0, 1;
    %cmp/u;
    %jmp/1 T_0.4, 6;
    %dup/vec4;
    %pushi/vec4 1, 0, 1;
    %cmp/u;
    %jmp/1 T_0.5, 6;
    %jmp T_0.6;
T_0.4 ;
    %load/vec4 v0x5584ea365f80_0;
    %subi 1, 0, 8;
    %assign/vec4 v0x5584ea365f80_0, 0;
    %jmp T_0.6;
T_0.5 ;
    %load/vec4 v0x5584ea365f80_0;
    %addi 1, 0, 8;
    %assign/vec4 v0x5584ea365f80_0, 0;
    %jmp T_0.6;
T_0.6 ;
    %pop/vec4 1;
T_0.3 ;
T_0.1 ;
    %end;
    .scope S_0x5584ea31cdc0;
t_0 %join;
    %jmp T_0;
    .thread T_0;
# The file index is used to find the file name in the following table.
:file_names 3;
    "N/A";
    "<interactive>";
    "count_8.v";
